[1412月2024 03:43:21.943] [main/INFO] [cpw.mods.modlauncher.Launcher/MODLAUNCHER]: ModLauncher running: args [--launchTarget, forgeclientuserdev, --version, MOD_DEV, --assetIndex, 5, --assetsDir, C:\Users\basss\.gradle\caches\forge_gradle\assets, --gameDir, ., --fml.forgeVersion, 47.3.12, --fml.mcVersion, 1.20.1, --fml.forgeGroup, net.minecraftforge, --fml.mcpVersion, 20230612.114412]
[1412月2024 03:43:21.953] [main/INFO] [cpw.mods.modlauncher.Launcher/MODLAUNCHER]: ModLauncher 10.0.9+10.0.9+main.dcd20f30 starting: java version 17.0.13 by Eclipse Adoptium; OS Windows 11 arch amd64 version 10.0
[1412月2024 03:43:22.169] [main/INFO] [net.minecraftforge.fml.loading.ImmediateWindowHandler/]: Loading ImmediateWindowProvider fmlearlywindow
[1412月2024 03:43:22.251] [main/INFO] [EARLYDISPLAY/]: Trying GL version 4.6
[1412月2024 03:43:22.474] [main/INFO] [EARLYDISPLAY/]: Requested GL version 4.6 got version 4.6
[1412月2024 03:43:22.610] [main/INFO] [mixin/]: SpongePowered MIXIN Subsystem Version=0.8.5 Source=union:/C:/Users/basss/.gradle/caches/modules-2/files-2.1/org.spongepowered/mixin/0.8.5/9d1c0c3a304ae6697ecd477218fa61b850bf57fc/mixin-0.8.5.jar%23128!/ Service=ModLauncher Env=CLIENT
[1412月2024 03:43:22.653] [pool-2-thread-1/INFO] [EARLYDISPLAY/]: GL info: NVIDIA GeForce GTX 1660/PCIe/SSE2 GL version 4.6.0 NVIDIA 566.14, NVIDIA Corporation
[1412月2024 03:43:23.094] [main/WARN] [net.minecraftforge.fml.loading.moddiscovery.ModFileParser/LOADING]: Mod file C:\Users\basss\.gradle\caches\modules-2\files-2.1\net.minecraftforge\javafmllanguage\1.20.1-47.3.12\f6b9f7f45e33548b47f78d9f54c7b4eb1e94e9bd\javafmllanguage-1.20.1-47.3.12.jar is missing mods.toml file
[1412月2024 03:43:23.099] [main/WARN] [net.minecraftforge.fml.loading.moddiscovery.ModFileParser/LOADING]: Mod file C:\Users\basss\.gradle\caches\modules-2\files-2.1\net.minecraftforge\lowcodelanguage\1.20.1-47.3.12\81de74e1180787af25604b6ecb3728fc485bd3c7\lowcodelanguage-1.20.1-47.3.12.jar is missing mods.toml file
[1412月2024 03:43:23.104] [main/WARN] [net.minecraftforge.fml.loading.moddiscovery.ModFileParser/LOADING]: Mod file C:\Users\basss\.gradle\caches\modules-2\files-2.1\net.minecraftforge\mclanguage\1.20.1-47.3.12\1ff4ed058e0774b82d8da352d9e051e6d2a154eb\mclanguage-1.20.1-47.3.12.jar is missing mods.toml file
[1412月2024 03:43:23.108] [main/WARN] [net.minecraftforge.fml.loading.moddiscovery.ModFileParser/LOADING]: Mod file C:\Users\basss\.gradle\caches\modules-2\files-2.1\net.minecraftforge\fmlcore\1.20.1-47.3.12\9a4d9f99e106aa2358cdbe6777921855d353371\fmlcore-1.20.1-47.3.12.jar is missing mods.toml file
[1412月2024 03:43:23.195] [main/INFO] [net.minecraftforge.fml.loading.moddiscovery.JarInJarDependencyLocator/]: No dependencies to load found. Skipping!
[1412月2024 03:43:24.804] [main/INFO] [cpw.mods.modlauncher.LaunchServiceHandler/MODLAUNCHER]: Launching target 'forgeclientuserdev' with arguments [--version, MOD_DEV, --gameDir, ., --assetsDir, C:\Users\basss\.gradle\caches\forge_gradle\assets, --assetIndex, 5]
[1412月2024 03:43:30.816] [Datafixer Bootstrap/INFO] [com.mojang.datafixers.DataFixerBuilder/]: 188 Datafixer optimizations took 171 milliseconds
[1412月2024 03:43:32.662] [Render thread/WARN] [net.minecraft.server.packs.VanillaPackResourcesBuilder/]: Assets URL 'union:/C:/Users/basss/.gradle/caches/forge_gradle/minecraft_user_repo/net/minecraftforge/forge/1.20.1-47.3.12_mapped_parchment_2023.10.08-1.20.2/forge-1.20.1-47.3.12_mapped_parchment_2023.10.08-1.20.2.jar%23191!/assets/.mcassetsroot' uses unexpected schema
[1412月2024 03:43:32.663] [Render thread/WARN] [net.minecraft.server.packs.VanillaPackResourcesBuilder/]: Assets URL 'union:/C:/Users/basss/.gradle/caches/forge_gradle/minecraft_user_repo/net/minecraftforge/forge/1.20.1-47.3.12_mapped_parchment_2023.10.08-1.20.2/forge-1.20.1-47.3.12_mapped_parchment_2023.10.08-1.20.2.jar%23191!/data/.mcassetsroot' uses unexpected schema
[1412月2024 03:43:32.692] [Render thread/INFO] [com.mojang.authlib.yggdrasil.YggdrasilAuthenticationService/]: Environment: authHost='https://authserver.mojang.com', accountsHost='https://api.mojang.com', sessionHost='https://sessionserver.mojang.com', servicesHost='https://api.minecraftservices.com', name='PROD'
[1412月2024 03:43:32.700] [Render thread/INFO] [net.minecraft.client.Minecraft/]: Setting user: Dev
[1412月2024 03:43:32.989] [Render thread/ERROR] [net.minecraftforge.logging.CrashReportAnalyser/]: Failed to append suspected mod(s) to crash report!
java.lang.ClassFormatError: Duplicate method name "lambda$new$63" with signature "(Lnet.minecraft.network.chat.Component;Ljava.lang.Boolean;)Lnet.minecraft.network.chat.Component;" in class file net/minecraft/client/Options
	at java.lang.ClassLoader.defineClass1(Native Method) ~[?:?]
	at java.lang.ClassLoader.defineClass(ClassLoader.java:1017) ~[?:?]
	at cpw.mods.cl.ModuleClassLoader.readerToClass(ModuleClassLoader.java:119) ~[securejarhandler-2.1.10.jar:?]
	at cpw.mods.cl.ModuleClassLoader.lambda$findClass$15(ModuleClassLoader.java:219) ~[securejarhandler-2.1.10.jar:?]
	at cpw.mods.cl.ModuleClassLoader.loadFromModule(ModuleClassLoader.java:229) ~[securejarhandler-2.1.10.jar:?]
	at cpw.mods.cl.ModuleClassLoader.findClass(ModuleClassLoader.java:219) ~[securejarhandler-2.1.10.jar:?]
	at cpw.mods.cl.ModuleClassLoader.loadClass(ModuleClassLoader.java:135) ~[securejarhandler-2.1.10.jar:?]
	at java.lang.ClassLoader.loadClass(ClassLoader.java:525) ~[?:?]
	at java.lang.Class.getDeclaredMethods0(Native Method) ~[?:?]
	at java.lang.Class.privateGetDeclaredMethods(Class.java:3402) ~[?:?]
	at java.lang.Class.getDeclaredMethods(Class.java:2504) ~[?:?]
	at net.minecraftforge.logging.CrashReportAnalyser.findMixinMerged(CrashReportAnalyser.java:188) ~[forge-1.20.1-47.3.12_mapped_parchment_2023.10.08-1.20.2.jar:?]
	at net.minecraftforge.logging.CrashReportAnalyser.getMixinInfo(CrashReportAnalyser.java:211) ~[forge-1.20.1-47.3.12_mapped_parchment_2023.10.08-1.20.2.jar:?]
	at net.minecraftforge.logging.CrashReportAnalyser.identifyByMixins(CrashReportAnalyser.java:147) ~[forge-1.20.1-47.3.12_mapped_parchment_2023.10.08-1.20.2.jar:?]
	at net.minecraftforge.logging.CrashReportAnalyser.scanStacktrace(CrashReportAnalyser.java:116) ~[forge-1.20.1-47.3.12_mapped_parchment_2023.10.08-1.20.2.jar:?]
	at net.minecraftforge.logging.CrashReportAnalyser.scanThrowable(CrashReportAnalyser.java:102) ~[forge-1.20.1-47.3.12_mapped_parchment_2023.10.08-1.20.2.jar:?]
	at net.minecraftforge.logging.CrashReportAnalyser.analyseCrashReport(CrashReportAnalyser.java:55) ~[forge-1.20.1-47.3.12_mapped_parchment_2023.10.08-1.20.2.jar:?]
	at net.minecraftforge.logging.CrashReportAnalyser.appendSuspectedMods(CrashReportAnalyser.java:39) ~[forge-1.20.1-47.3.12_mapped_parchment_2023.10.08-1.20.2.jar:?]
	at net.minecraft.CrashReport.getDetails(CrashReport.java:60) ~[forge-1.20.1-47.3.12_mapped_parchment_2023.10.08-1.20.2.jar:?]
	at net.minecraft.CrashReport.getFriendlyReport(CrashReport.java:114) ~[forge-1.20.1-47.3.12_mapped_parchment_2023.10.08-1.20.2.jar:?]
	at net.minecraft.client.Minecraft.crash(Minecraft.java:842) ~[forge-1.20.1-47.3.12_mapped_parchment_2023.10.08-1.20.2.jar:?]
	at net.minecraft.client.main.Main.main(Main.java:192) ~[forge-1.20.1-47.3.12_mapped_parchment_2023.10.08-1.20.2.jar:?]
	at jdk.internal.reflect.NativeMethodAccessorImpl.invoke0(Native Method) ~[?:?]
	at jdk.internal.reflect.NativeMethodAccessorImpl.invoke(NativeMethodAccessorImpl.java:77) ~[?:?]
	at jdk.internal.reflect.DelegatingMethodAccessorImpl.invoke(DelegatingMethodAccessorImpl.java:43) ~[?:?]
	at java.lang.reflect.Method.invoke(Method.java:569) ~[?:?]
	at net.minecraftforge.fml.loading.targets.CommonLaunchHandler.runTarget(CommonLaunchHandler.java:111) ~[fmlloader-1.20.1-47.3.12.jar:?]
	at net.minecraftforge.fml.loading.targets.CommonLaunchHandler.clientService(CommonLaunchHandler.java:99) ~[fmlloader-1.20.1-47.3.12.jar:?]
	at net.minecraftforge.fml.loading.targets.ForgeClientUserdevLaunchHandler.devService(ForgeClientUserdevLaunchHandler.java:19) ~[fmlloader-1.20.1-47.3.12.jar:?]
	at net.minecraftforge.fml.loading.targets.CommonDevLaunchHandler.lambda$makeService$7(CommonDevLaunchHandler.java:135) ~[fmlloader-1.20.1-47.3.12.jar:?]
	at cpw.mods.modlauncher.LaunchServiceHandlerDecorator.launch(LaunchServiceHandlerDecorator.java:30) ~[modlauncher-10.0.9.jar:?]
	at cpw.mods.modlauncher.LaunchServiceHandler.launch(LaunchServiceHandler.java:53) ~[modlauncher-10.0.9.jar:?]
	at cpw.mods.modlauncher.LaunchServiceHandler.launch(LaunchServiceHandler.java:71) ~[modlauncher-10.0.9.jar:?]
	at cpw.mods.modlauncher.Launcher.run(Launcher.java:108) ~[modlauncher-10.0.9.jar:?]
	at cpw.mods.modlauncher.Launcher.main(Launcher.java:78) ~[modlauncher-10.0.9.jar:?]
	at cpw.mods.modlauncher.BootstrapLaunchConsumer.accept(BootstrapLaunchConsumer.java:26) ~[modlauncher-10.0.9.jar:?]
	at cpw.mods.modlauncher.BootstrapLaunchConsumer.accept(BootstrapLaunchConsumer.java:23) ~[modlauncher-10.0.9.jar:?]
	at cpw.mods.bootstraplauncher.BootstrapLauncher.main(BootstrapLauncher.java:141) ~[bootstraplauncher-1.1.2.jar:?]
[1412月2024 03:43:33.004] [Render thread/ERROR] [net.minecraftforge.logging.CrashReportAnalyser/]: Failed to append suspected mod(s) to crash report!
java.lang.ClassFormatError: Duplicate method name "lambda$new$63" with signature "(Lnet.minecraft.network.chat.Component;Ljava.lang.Boolean;)Lnet.minecraft.network.chat.Component;" in class file net/minecraft/client/Options
	at java.lang.ClassLoader.defineClass1(Native Method) ~[?:?]
	at java.lang.ClassLoader.defineClass(ClassLoader.java:1017) ~[?:?]
	at cpw.mods.cl.ModuleClassLoader.readerToClass(ModuleClassLoader.java:119) ~[securejarhandler-2.1.10.jar:?]
	at cpw.mods.cl.ModuleClassLoader.lambda$findClass$15(ModuleClassLoader.java:219) ~[securejarhandler-2.1.10.jar:?]
	at cpw.mods.cl.ModuleClassLoader.loadFromModule(ModuleClassLoader.java:229) ~[securejarhandler-2.1.10.jar:?]
	at cpw.mods.cl.ModuleClassLoader.findClass(ModuleClassLoader.java:219) ~[securejarhandler-2.1.10.jar:?]
	at cpw.mods.cl.ModuleClassLoader.loadClass(ModuleClassLoader.java:135) ~[securejarhandler-2.1.10.jar:?]
	at java.lang.ClassLoader.loadClass(ClassLoader.java:525) ~[?:?]
	at java.lang.Class.getDeclaredMethods0(Native Method) ~[?:?]
	at java.lang.Class.privateGetDeclaredMethods(Class.java:3402) ~[?:?]
	at java.lang.Class.getDeclaredMethods(Class.java:2504) ~[?:?]
	at net.minecraftforge.logging.CrashReportAnalyser.findMixinMerged(CrashReportAnalyser.java:188) ~[forge-1.20.1-47.3.12_mapped_parchment_2023.10.08-1.20.2.jar:?]
	at net.minecraftforge.logging.CrashReportAnalyser.getMixinInfo(CrashReportAnalyser.java:211) ~[forge-1.20.1-47.3.12_mapped_parchment_2023.10.08-1.20.2.jar:?]
	at net.minecraftforge.logging.CrashReportAnalyser.identifyByMixins(CrashReportAnalyser.java:147) ~[forge-1.20.1-47.3.12_mapped_parchment_2023.10.08-1.20.2.jar:?]
	at net.minecraftforge.logging.CrashReportAnalyser.scanStacktrace(CrashReportAnalyser.java:116) ~[forge-1.20.1-47.3.12_mapped_parchment_2023.10.08-1.20.2.jar:?]
	at net.minecraftforge.logging.CrashReportAnalyser.scanThrowable(CrashReportAnalyser.java:102) ~[forge-1.20.1-47.3.12_mapped_parchment_2023.10.08-1.20.2.jar:?]
	at net.minecraftforge.logging.CrashReportAnalyser.analyseCrashReport(CrashReportAnalyser.java:55) ~[forge-1.20.1-47.3.12_mapped_parchment_2023.10.08-1.20.2.jar:?]
	at net.minecraftforge.logging.CrashReportAnalyser.appendSuspectedMods(CrashReportAnalyser.java:39) ~[forge-1.20.1-47.3.12_mapped_parchment_2023.10.08-1.20.2.jar:?]
	at net.minecraft.CrashReport.getDetails(CrashReport.java:60) ~[forge-1.20.1-47.3.12_mapped_parchment_2023.10.08-1.20.2.jar:?]
	at net.minecraft.CrashReport.getFriendlyReport(CrashReport.java:114) ~[forge-1.20.1-47.3.12_mapped_parchment_2023.10.08-1.20.2.jar:?]
	at net.minecraft.CrashReport.saveToFile(CrashReport.java:135) ~[forge-1.20.1-47.3.12_mapped_parchment_2023.10.08-1.20.2.jar:?]
	at net.minecraft.client.Minecraft.crash(Minecraft.java:846) ~[forge-1.20.1-47.3.12_mapped_parchment_2023.10.08-1.20.2.jar:?]
	at net.minecraft.client.main.Main.main(Main.java:192) ~[forge-1.20.1-47.3.12_mapped_parchment_2023.10.08-1.20.2.jar:?]
	at jdk.internal.reflect.NativeMethodAccessorImpl.invoke0(Native Method) ~[?:?]
	at jdk.internal.reflect.NativeMethodAccessorImpl.invoke(NativeMethodAccessorImpl.java:77) ~[?:?]
	at jdk.internal.reflect.DelegatingMethodAccessorImpl.invoke(DelegatingMethodAccessorImpl.java:43) ~[?:?]
	at java.lang.reflect.Method.invoke(Method.java:569) ~[?:?]
	at net.minecraftforge.fml.loading.targets.CommonLaunchHandler.runTarget(CommonLaunchHandler.java:111) ~[fmlloader-1.20.1-47.3.12.jar:?]
	at net.minecraftforge.fml.loading.targets.CommonLaunchHandler.clientService(CommonLaunchHandler.java:99) ~[fmlloader-1.20.1-47.3.12.jar:?]
	at net.minecraftforge.fml.loading.targets.ForgeClientUserdevLaunchHandler.devService(ForgeClientUserdevLaunchHandler.java:19) ~[fmlloader-1.20.1-47.3.12.jar:?]
	at net.minecraftforge.fml.loading.targets.CommonDevLaunchHandler.lambda$makeService$7(CommonDevLaunchHandler.java:135) ~[fmlloader-1.20.1-47.3.12.jar:?]
	at cpw.mods.modlauncher.LaunchServiceHandlerDecorator.launch(LaunchServiceHandlerDecorator.java:30) ~[modlauncher-10.0.9.jar:?]
	at cpw.mods.modlauncher.LaunchServiceHandler.launch(LaunchServiceHandler.java:53) ~[modlauncher-10.0.9.jar:?]
	at cpw.mods.modlauncher.LaunchServiceHandler.launch(LaunchServiceHandler.java:71) ~[modlauncher-10.0.9.jar:?]
	at cpw.mods.modlauncher.Launcher.run(Launcher.java:108) ~[modlauncher-10.0.9.jar:?]
	at cpw.mods.modlauncher.Launcher.main(Launcher.java:78) ~[modlauncher-10.0.9.jar:?]
	at cpw.mods.modlauncher.BootstrapLaunchConsumer.accept(BootstrapLaunchConsumer.java:26) ~[modlauncher-10.0.9.jar:?]
	at cpw.mods.modlauncher.BootstrapLaunchConsumer.accept(BootstrapLaunchConsumer.java:23) ~[modlauncher-10.0.9.jar:?]
	at cpw.mods.bootstraplauncher.BootstrapLauncher.main(BootstrapLauncher.java:141) ~[bootstraplauncher-1.1.2.jar:?]
